<?xml version="1.0" encoding="UTF-8"?>
<coverage generated="1713484024503" clover="3.2.0">
  <project timestamp="1713484024503" name="All files">
    <metrics statements="47" coveredstatements="23" conditionals="39" coveredconditionals="20" methods="9" coveredmethods="5" elements="95" coveredelements="48" complexity="0" loc="47" ncloc="47" packages="1" files="2" classes="2"/>
    <file name="Background.js" path="/Users/carlykendeigh/Documents/GitHub/course-project-choo-choo-champions/src/components/Background.js">
      <metrics statements="1" coveredstatements="1" conditionals="0" coveredconditionals="0" methods="1" coveredmethods="1"/>
      <line num="5" count="1" type="stmt"/>
    </file>
    <file name="Domino.js" path="/Users/carlykendeigh/Documents/GitHub/course-project-choo-choo-champions/src/components/Domino.js">
      <metrics statements="46" coveredstatements="22" conditionals="39" coveredconditionals="20" methods="8" coveredmethods="4"/>
      <line num="5" count="5" type="cond" truecount="1" falsecount="1"/>
      <line num="9" count="0" type="stmt"/>
      <line num="10" count="0" type="stmt"/>
      <line num="11" count="0" type="stmt"/>
      <line num="12" count="0" type="stmt"/>
      <line num="13" count="0" type="stmt"/>
      <line num="14" count="0" type="cond" truecount="0" falsecount="2"/>
      <line num="18" count="0" type="stmt"/>
      <line num="23" count="5" type="cond" truecount="5" falsecount="0"/>
      <line num="24" count="1" type="stmt"/>
      <line num="26" count="4" type="stmt"/>
      <line num="30" count="0" type="stmt"/>
      <line num="31" count="0" type="stmt"/>
      <line num="33" count="0" type="stmt"/>
      <line num="34" count="0" type="stmt"/>
      <line num="37" count="0" type="stmt"/>
      <line num="38" count="0" type="stmt"/>
      <line num="43" count="0" type="stmt"/>
      <line num="46" count="0" type="cond" truecount="0" falsecount="2"/>
      <line num="50" count="0" type="stmt"/>
      <line num="55" count="0" type="stmt"/>
      <line num="57" count="1" type="stmt"/>
      <line num="58" count="13" type="cond" truecount="7" falsecount="7"/>
      <line num="60" count="1" type="stmt"/>
      <line num="62" count="3" type="stmt"/>
      <line num="64" count="1" type="stmt"/>
      <line num="66" count="2" type="stmt"/>
      <line num="68" count="2" type="stmt"/>
      <line num="70" count="0" type="stmt"/>
      <line num="72" count="0" type="stmt"/>
      <line num="74" count="0" type="stmt"/>
      <line num="76" count="0" type="stmt"/>
      <line num="78" count="0" type="stmt"/>
      <line num="80" count="0" type="stmt"/>
      <line num="82" count="0" type="stmt"/>
      <line num="84" count="1" type="stmt"/>
      <line num="86" count="3" type="stmt"/>
      <line num="91" count="4" type="stmt"/>
      <line num="92" count="8" type="stmt"/>
      <line num="96" count="4" type="stmt"/>
      <line num="101" count="4" type="stmt"/>
      <line num="105" count="4" type="stmt"/>
      <line num="109" count="4" type="stmt"/>
      <line num="112" count="4" type="cond" truecount="4" falsecount="0"/>
      <line num="113" count="2" type="stmt"/>
      <line num="116" count="4" type="stmt"/>
    </file>
  </project>
</coverage>
