{"/Users/carlykendeigh/Documents/GitHub/course-project-choo-choo-champions/src/components/Background.js": {"path":"/Users/carlykendeigh/Documents/GitHub/course-project-choo-choo-champions/src/components/Background.js","statementMap":{"0":{"start":{"line":5,"column":4},"end":{"line":13,"column":6}}},"fnMap":{"0":{"name":"Background","decl":{"start":{"line":4,"column":9},"end":{"line":4,"column":19}},"loc":{"start":{"line":4,"column":22},"end":{"line":14,"column":1}},"line":4}},"branchMap":{},"s":{"0":1},"f":{"0":1},"b":{},"_coverageSchema":"1a1c01bbd47fc00a2c39e90264f33305004495a9","hash":"2078ff57c523f61ee9a17eb0b7aee6d55519472e"}
,"/Users/carlykendeigh/Documents/GitHub/course-project-choo-choo-champions/src/components/Domino.js": {"path":"/Users/carlykendeigh/Documents/GitHub/course-project-choo-choo-champions/src/components/Domino.js","statementMap":{"0":{"start":{"line":6,"column":2},"end":{"line":17,"column":3}},"1":{"start":{"line":7,"column":18},"end":{"line":7,"column":68}},"2":{"start":{"line":8,"column":20},"end":{"line":8,"column":65}},"3":{"start":{"line":9,"column":4},"end":{"line":16,"column":5}},"4":{"start":{"line":9,"column":14},"end":{"line":9,"column":15}},"5":{"start":{"line":10,"column":19},"end":{"line":10,"column":45}},"6":{"start":{"line":11,"column":6},"end":{"line":15,"column":7}},"7":{"start":{"line":11,"column":16},"end":{"line":11,"column":17}},"8":{"start":{"line":12,"column":8},"end":{"line":14,"column":9}},"9":{"start":{"line":13,"column":10},"end":{"line":13,"column":23}},"10":{"start":{"line":18,"column":2},"end":{"line":20,"column":3}},"11":{"start":{"line":19,"column":4},"end":{"line":19,"column":17}},"12":{"start":{"line":21,"column":2},"end":{"line":21,"column":14}},"13":{"start":{"line":25,"column":46},"end":{"line":25,"column":60}},"14":{"start":{"line":27,"column":29},"end":{"line":29,"column":3}},"15":{"start":{"line":28,"column":4},"end":{"line":28,"column":29}},"16":{"start":{"line":31,"column":23},"end":{"line":39,"column":4}},"17":{"start":{"line":32,"column":4},"end":{"line":38,"column":6}},"18":{"start":{"line":37,"column":22},"end":{"line":37,"column":47}},"19":{"start":{"line":40,"column":2},"end":{"line":42,"column":3}},"20":{"start":{"line":41,"column":4},"end":{"line":41,"column":71}},"21":{"start":{"line":43,"column":2},"end":{"line":43,"column":22}},"22":{"start":{"line":45,"column":17},"end":{"line":76,"column":1}},"23":{"start":{"line":46,"column":2},"end":{"line":75,"column":3}},"24":{"start":{"line":48,"column":6},"end":{"line":48,"column":21}},"25":{"start":{"line":50,"column":6},"end":{"line":50,"column":23}},"26":{"start":{"line":52,"column":6},"end":{"line":52,"column":23}},"27":{"start":{"line":54,"column":6},"end":{"line":54,"column":23}},"28":{"start":{"line":56,"column":6},"end":{"line":56,"column":23}},"29":{"start":{"line":58,"column":6},"end":{"line":58,"column":23}},"30":{"start":{"line":60,"column":6},"end":{"line":60,"column":23}},"31":{"start":{"line":62,"column":6},"end":{"line":62,"column":23}},"32":{"start":{"line":64,"column":6},"end":{"line":64,"column":23}},"33":{"start":{"line":66,"column":6},"end":{"line":66,"column":23}},"34":{"start":{"line":68,"column":6},"end":{"line":68,"column":23}},"35":{"start":{"line":70,"column":6},"end":{"line":70,"column":23}},"36":{"start":{"line":72,"column":6},"end":{"line":72,"column":23}},"37":{"start":{"line":74,"column":6},"end":{"line":74,"column":23}},"38":{"start":{"line":79,"column":18},"end":{"line":81,"column":3}},"39":{"start":{"line":80,"column":4},"end":{"line":80,"column":40}},"40":{"start":{"line":84,"column":25},"end":{"line":86,"column":3}},"41":{"start":{"line":89,"column":28},"end":{"line":91,"column":3}},"42":{"start":{"line":93,"column":24},"end":{"line":95,"column":3}},"43":{"start":{"line":97,"column":27},"end":{"line":99,"column":3}},"44":{"start":{"line":100,"column":2},"end":{"line":102,"column":3}},"45":{"start":{"line":101,"column":4},"end":{"line":101,"column":79}},"46":{"start":{"line":104,"column":2},"end":{"line":121,"column":4}}},"fnMap":{"0":{"name":"DetermineIfDominoIsSelectable","decl":{"start":{"line":5,"column":9},"end":{"line":5,"column":38}},"loc":{"start":{"line":5,"column":46},"end":{"line":22,"column":1}},"line":5},"1":{"name":"ConvertToReact","decl":{"start":{"line":24,"column":16},"end":{"line":24,"column":30}},"loc":{"start":{"line":24,"column":40},"end":{"line":44,"column":1}},"line":24},"2":{"name":"(anonymous_2)","decl":{"start":{"line":27,"column":29},"end":{"line":27,"column":30}},"loc":{"start":{"line":27,"column":40},"end":{"line":29,"column":3}},"line":27},"3":{"name":"(anonymous_3)","decl":{"start":{"line":31,"column":35},"end":{"line":31,"column":36}},"loc":{"start":{"line":32,"column":4},"end":{"line":38,"column":6}},"line":32},"4":{"name":"(anonymous_4)","decl":{"start":{"line":37,"column":16},"end":{"line":37,"column":17}},"loc":{"start":{"line":37,"column":22},"end":{"line":37,"column":47}},"line":37},"5":{"name":"(anonymous_5)","decl":{"start":{"line":45,"column":17},"end":{"line":45,"column":18}},"loc":{"start":{"line":45,"column":29},"end":{"line":76,"column":1}},"line":45},"6":{"name":"Domino","decl":{"start":{"line":78,"column":9},"end":{"line":78,"column":15}},"loc":{"start":{"line":78,"column":55},"end":{"line":135,"column":1}},"line":78},"7":{"name":"(anonymous_7)","decl":{"start":{"line":79,"column":18},"end":{"line":79,"column":19}},"loc":{"start":{"line":79,"column":30},"end":{"line":81,"column":3}},"line":79}},"branchMap":{"0":{"loc":{"start":{"line":6,"column":2},"end":{"line":17,"column":3}},"type":"if","locations":[{"start":{"line":6,"column":2},"end":{"line":17,"column":3}},{"start":{},"end":{}}],"line":6},"1":{"loc":{"start":{"line":6,"column":5},"end":{"line":6,"column":85}},"type":"binary-expr","locations":[{"start":{"line":6,"column":5},"end":{"line":6,"column":61}},{"start":{"line":6,"column":65},"end":{"line":6,"column":85}}],"line":6},"2":{"loc":{"start":{"line":12,"column":8},"end":{"line":14,"column":9}},"type":"if","locations":[{"start":{"line":12,"column":8},"end":{"line":14,"column":9}},{"start":{},"end":{}}],"line":12},"3":{"loc":{"start":{"line":12,"column":11},"end":{"line":12,"column":109}},"type":"binary-expr","locations":[{"start":{"line":12,"column":12},"end":{"line":12,"column":34}},{"start":{"line":12,"column":36},"end":{"line":12,"column":58}},{"start":{"line":12,"column":62},"end":{"line":12,"column":84}},{"start":{"line":12,"column":86},"end":{"line":12,"column":108}}],"line":12},"4":{"loc":{"start":{"line":18,"column":2},"end":{"line":20,"column":3}},"type":"if","locations":[{"start":{"line":18,"column":2},"end":{"line":20,"column":3}},{"start":{},"end":{}}],"line":18},"5":{"loc":{"start":{"line":18,"column":5},"end":{"line":18,"column":59}},"type":"binary-expr","locations":[{"start":{"line":18,"column":5},"end":{"line":18,"column":23}},{"start":{"line":18,"column":28},"end":{"line":18,"column":42}},{"start":{"line":18,"column":44},"end":{"line":18,"column":58}}],"line":18},"6":{"loc":{"start":{"line":40,"column":2},"end":{"line":42,"column":3}},"type":"if","locations":[{"start":{"line":40,"column":2},"end":{"line":42,"column":3}},{"start":{},"end":{}}],"line":40},"7":{"loc":{"start":{"line":40,"column":5},"end":{"line":40,"column":84}},"type":"binary-expr","locations":[{"start":{"line":40,"column":5},"end":{"line":40,"column":26}},{"start":{"line":40,"column":30},"end":{"line":40,"column":84}}],"line":40},"8":{"loc":{"start":{"line":46,"column":2},"end":{"line":75,"column":3}},"type":"switch","locations":[{"start":{"line":47,"column":4},"end":{"line":48,"column":21}},{"start":{"line":49,"column":4},"end":{"line":50,"column":23}},{"start":{"line":51,"column":4},"end":{"line":52,"column":23}},{"start":{"line":53,"column":4},"end":{"line":54,"column":23}},{"start":{"line":55,"column":4},"end":{"line":56,"column":23}},{"start":{"line":57,"column":4},"end":{"line":58,"column":23}},{"start":{"line":59,"column":4},"end":{"line":60,"column":23}},{"start":{"line":61,"column":4},"end":{"line":62,"column":23}},{"start":{"line":63,"column":4},"end":{"line":64,"column":23}},{"start":{"line":65,"column":4},"end":{"line":66,"column":23}},{"start":{"line":67,"column":4},"end":{"line":68,"column":23}},{"start":{"line":69,"column":4},"end":{"line":70,"column":23}},{"start":{"line":71,"column":4},"end":{"line":72,"column":23}},{"start":{"line":73,"column":4},"end":{"line":74,"column":23}}],"line":46},"9":{"loc":{"start":{"line":100,"column":2},"end":{"line":102,"column":3}},"type":"if","locations":[{"start":{"line":100,"column":2},"end":{"line":102,"column":3}},{"start":{},"end":{}}],"line":100},"10":{"loc":{"start":{"line":100,"column":5},"end":{"line":100,"column":66}},"type":"binary-expr","locations":[{"start":{"line":100,"column":5},"end":{"line":100,"column":15}},{"start":{"line":100,"column":19},"end":{"line":100,"column":66}}],"line":100},"11":{"loc":{"start":{"line":106,"column":27},"end":{"line":106,"column":55}},"type":"cond-expr","locations":[{"start":{"line":106,"column":40},"end":{"line":106,"column":50}},{"start":{"line":106,"column":53},"end":{"line":106,"column":55}}],"line":106}},"s":{"0":0,"1":0,"2":0,"3":0,"4":0,"5":0,"6":0,"7":0,"8":0,"9":0,"10":0,"11":0,"12":0,"13":0,"14":0,"15":0,"16":0,"17":0,"18":0,"19":0,"20":0,"21":0,"22":1,"23":2,"24":0,"25":0,"26":0,"27":0,"28":0,"29":0,"30":0,"31":0,"32":0,"33":0,"34":0,"35":0,"36":0,"37":2,"38":1,"39":2,"40":1,"41":1,"42":1,"43":1,"44":1,"45":0,"46":1},"f":{"0":0,"1":0,"2":0,"3":0,"4":0,"5":2,"6":1,"7":2},"b":{"0":[0,0],"1":[0,0],"2":[0,0],"3":[0,0,0,0],"4":[0,0],"5":[0,0,0],"6":[0,0],"7":[0,0],"8":[0,0,0,0,0,0,0,0,0,0,0,0,0,2],"9":[0,1],"10":[1,0],"11":[0,1]},"_coverageSchema":"1a1c01bbd47fc00a2c39e90264f33305004495a9","hash":"e23d943e6baaa58e8b69d2eb8877d6637df736d7"}
}
