{"/Users/carlykendeigh/Documents/GitHub/course-project-choo-choo-champions/src/components/Background.js": {"path":"/Users/carlykendeigh/Documents/GitHub/course-project-choo-choo-champions/src/components/Background.js","statementMap":{"0":{"start":{"line":5,"column":4},"end":{"line":13,"column":6}}},"fnMap":{"0":{"name":"Background","decl":{"start":{"line":4,"column":9},"end":{"line":4,"column":19}},"loc":{"start":{"line":4,"column":22},"end":{"line":14,"column":1}},"line":4}},"branchMap":{},"s":{"0":1},"f":{"0":1},"b":{},"_coverageSchema":"1a1c01bbd47fc00a2c39e90264f33305004495a9","hash":"2078ff57c523f61ee9a17eb0b7aee6d55519472e"}
,"/Users/carlykendeigh/Documents/GitHub/course-project-choo-choo-champions/src/components/Domino.js": {"path":"/Users/carlykendeigh/Documents/GitHub/course-project-choo-choo-champions/src/components/Domino.js","statementMap":{"0":{"start":{"line":5,"column":2},"end":{"line":22,"column":3}},"1":{"start":{"line":9,"column":18},"end":{"line":9,"column":68}},"2":{"start":{"line":10,"column":20},"end":{"line":10,"column":65}},"3":{"start":{"line":11,"column":4},"end":{"line":21,"column":5}},"4":{"start":{"line":11,"column":17},"end":{"line":11,"column":18}},"5":{"start":{"line":12,"column":19},"end":{"line":12,"column":45}},"6":{"start":{"line":13,"column":6},"end":{"line":20,"column":7}},"7":{"start":{"line":13,"column":19},"end":{"line":13,"column":20}},"8":{"start":{"line":14,"column":8},"end":{"line":19,"column":9}},"9":{"start":{"line":18,"column":10},"end":{"line":18,"column":23}},"10":{"start":{"line":23,"column":2},"end":{"line":25,"column":3}},"11":{"start":{"line":24,"column":4},"end":{"line":24,"column":17}},"12":{"start":{"line":26,"column":2},"end":{"line":26,"column":14}},"13":{"start":{"line":30,"column":2},"end":{"line":30,"column":23}},"14":{"start":{"line":31,"column":46},"end":{"line":31,"column":60}},"15":{"start":{"line":33,"column":29},"end":{"line":35,"column":3}},"16":{"start":{"line":34,"column":4},"end":{"line":34,"column":29}},"17":{"start":{"line":37,"column":23},"end":{"line":45,"column":4}},"18":{"start":{"line":38,"column":4},"end":{"line":44,"column":6}},"19":{"start":{"line":43,"column":22},"end":{"line":43,"column":47}},"20":{"start":{"line":46,"column":2},"end":{"line":54,"column":3}},"21":{"start":{"line":50,"column":4},"end":{"line":53,"column":6}},"22":{"start":{"line":55,"column":2},"end":{"line":55,"column":22}},"23":{"start":{"line":57,"column":24},"end":{"line":88,"column":1}},"24":{"start":{"line":58,"column":2},"end":{"line":87,"column":3}},"25":{"start":{"line":60,"column":6},"end":{"line":60,"column":21}},"26":{"start":{"line":62,"column":6},"end":{"line":62,"column":23}},"27":{"start":{"line":64,"column":6},"end":{"line":64,"column":23}},"28":{"start":{"line":66,"column":6},"end":{"line":66,"column":23}},"29":{"start":{"line":68,"column":6},"end":{"line":68,"column":23}},"30":{"start":{"line":70,"column":6},"end":{"line":70,"column":23}},"31":{"start":{"line":72,"column":6},"end":{"line":72,"column":23}},"32":{"start":{"line":74,"column":6},"end":{"line":74,"column":23}},"33":{"start":{"line":76,"column":6},"end":{"line":76,"column":23}},"34":{"start":{"line":78,"column":6},"end":{"line":78,"column":23}},"35":{"start":{"line":80,"column":6},"end":{"line":80,"column":23}},"36":{"start":{"line":82,"column":6},"end":{"line":82,"column":23}},"37":{"start":{"line":84,"column":6},"end":{"line":84,"column":23}},"38":{"start":{"line":86,"column":6},"end":{"line":86,"column":23}},"39":{"start":{"line":91,"column":18},"end":{"line":93,"column":3}},"40":{"start":{"line":92,"column":4},"end":{"line":92,"column":40}},"41":{"start":{"line":96,"column":25},"end":{"line":98,"column":3}},"42":{"start":{"line":101,"column":28},"end":{"line":103,"column":3}},"43":{"start":{"line":105,"column":24},"end":{"line":107,"column":3}},"44":{"start":{"line":109,"column":27},"end":{"line":111,"column":3}},"45":{"start":{"line":112,"column":2},"end":{"line":114,"column":3}},"46":{"start":{"line":113,"column":4},"end":{"line":113,"column":79}},"47":{"start":{"line":116,"column":2},"end":{"line":134,"column":4}}},"fnMap":{"0":{"name":"DetermineIfDominoIsSelectable","decl":{"start":{"line":4,"column":16},"end":{"line":4,"column":45}},"loc":{"start":{"line":4,"column":54},"end":{"line":27,"column":1}},"line":4},"1":{"name":"ConvertToReact","decl":{"start":{"line":29,"column":16},"end":{"line":29,"column":30}},"loc":{"start":{"line":29,"column":40},"end":{"line":56,"column":1}},"line":29},"2":{"name":"(anonymous_2)","decl":{"start":{"line":33,"column":29},"end":{"line":33,"column":30}},"loc":{"start":{"line":33,"column":40},"end":{"line":35,"column":3}},"line":33},"3":{"name":"(anonymous_3)","decl":{"start":{"line":37,"column":35},"end":{"line":37,"column":36}},"loc":{"start":{"line":38,"column":4},"end":{"line":44,"column":6}},"line":38},"4":{"name":"(anonymous_4)","decl":{"start":{"line":43,"column":16},"end":{"line":43,"column":17}},"loc":{"start":{"line":43,"column":22},"end":{"line":43,"column":47}},"line":43},"5":{"name":"(anonymous_5)","decl":{"start":{"line":57,"column":24},"end":{"line":57,"column":25}},"loc":{"start":{"line":57,"column":36},"end":{"line":88,"column":1}},"line":57},"6":{"name":"Domino","decl":{"start":{"line":90,"column":9},"end":{"line":90,"column":15}},"loc":{"start":{"line":90,"column":55},"end":{"line":148,"column":1}},"line":90},"7":{"name":"(anonymous_7)","decl":{"start":{"line":91,"column":18},"end":{"line":91,"column":19}},"loc":{"start":{"line":91,"column":30},"end":{"line":93,"column":3}},"line":91}},"branchMap":{"0":{"loc":{"start":{"line":5,"column":2},"end":{"line":22,"column":3}},"type":"if","locations":[{"start":{"line":5,"column":2},"end":{"line":22,"column":3}},{"start":{},"end":{}}],"line":5},"1":{"loc":{"start":{"line":6,"column":4},"end":{"line":7,"column":24}},"type":"binary-expr","locations":[{"start":{"line":6,"column":4},"end":{"line":6,"column":62}},{"start":{"line":7,"column":4},"end":{"line":7,"column":24}}],"line":6},"2":{"loc":{"start":{"line":14,"column":8},"end":{"line":19,"column":9}},"type":"if","locations":[{"start":{"line":14,"column":8},"end":{"line":19,"column":9}},{"start":{},"end":{}}],"line":14},"3":{"loc":{"start":{"line":15,"column":10},"end":{"line":16,"column":64}},"type":"binary-expr","locations":[{"start":{"line":15,"column":11},"end":{"line":15,"column":35}},{"start":{"line":15,"column":39},"end":{"line":15,"column":63}},{"start":{"line":16,"column":11},"end":{"line":16,"column":35}},{"start":{"line":16,"column":39},"end":{"line":16,"column":63}}],"line":15},"4":{"loc":{"start":{"line":23,"column":2},"end":{"line":25,"column":3}},"type":"if","locations":[{"start":{"line":23,"column":2},"end":{"line":25,"column":3}},{"start":{},"end":{}}],"line":23},"5":{"loc":{"start":{"line":23,"column":6},"end":{"line":23,"column":68}},"type":"binary-expr","locations":[{"start":{"line":23,"column":6},"end":{"line":23,"column":26}},{"start":{"line":23,"column":31},"end":{"line":23,"column":47}},{"start":{"line":23,"column":51},"end":{"line":23,"column":67}}],"line":23},"6":{"loc":{"start":{"line":46,"column":2},"end":{"line":54,"column":3}},"type":"if","locations":[{"start":{"line":46,"column":2},"end":{"line":54,"column":3}},{"start":{},"end":{}}],"line":46},"7":{"loc":{"start":{"line":47,"column":4},"end":{"line":48,"column":58}},"type":"binary-expr","locations":[{"start":{"line":47,"column":4},"end":{"line":47,"column":27}},{"start":{"line":48,"column":4},"end":{"line":48,"column":58}}],"line":47},"8":{"loc":{"start":{"line":58,"column":2},"end":{"line":87,"column":3}},"type":"switch","locations":[{"start":{"line":59,"column":4},"end":{"line":60,"column":21}},{"start":{"line":61,"column":4},"end":{"line":62,"column":23}},{"start":{"line":63,"column":4},"end":{"line":64,"column":23}},{"start":{"line":65,"column":4},"end":{"line":66,"column":23}},{"start":{"line":67,"column":4},"end":{"line":68,"column":23}},{"start":{"line":69,"column":4},"end":{"line":70,"column":23}},{"start":{"line":71,"column":4},"end":{"line":72,"column":23}},{"start":{"line":73,"column":4},"end":{"line":74,"column":23}},{"start":{"line":75,"column":4},"end":{"line":76,"column":23}},{"start":{"line":77,"column":4},"end":{"line":78,"column":23}},{"start":{"line":79,"column":4},"end":{"line":80,"column":23}},{"start":{"line":81,"column":4},"end":{"line":82,"column":23}},{"start":{"line":83,"column":4},"end":{"line":84,"column":23}},{"start":{"line":85,"column":4},"end":{"line":86,"column":23}}],"line":58},"9":{"loc":{"start":{"line":112,"column":2},"end":{"line":114,"column":3}},"type":"if","locations":[{"start":{"line":112,"column":2},"end":{"line":114,"column":3}},{"start":{},"end":{}}],"line":112},"10":{"loc":{"start":{"line":112,"column":6},"end":{"line":112,"column":67}},"type":"binary-expr","locations":[{"start":{"line":112,"column":6},"end":{"line":112,"column":16}},{"start":{"line":112,"column":20},"end":{"line":112,"column":67}}],"line":112},"11":{"loc":{"start":{"line":118,"column":27},"end":{"line":118,"column":55}},"type":"cond-expr","locations":[{"start":{"line":118,"column":40},"end":{"line":118,"column":50}},{"start":{"line":118,"column":53},"end":{"line":118,"column":55}}],"line":118}},"s":{"0":5,"1":0,"2":0,"3":0,"4":0,"5":0,"6":0,"7":0,"8":0,"9":0,"10":5,"11":1,"12":4,"13":0,"14":0,"15":0,"16":0,"17":0,"18":0,"19":0,"20":0,"21":0,"22":0,"23":1,"24":13,"25":1,"26":3,"27":1,"28":2,"29":2,"30":0,"31":0,"32":0,"33":0,"34":0,"35":0,"36":0,"37":1,"38":3,"39":4,"40":8,"41":4,"42":4,"43":4,"44":4,"45":4,"46":2,"47":4},"f":{"0":5,"1":0,"2":0,"3":0,"4":0,"5":13,"6":4,"7":8},"b":{"0":[0,5],"1":[5,0],"2":[0,0],"3":[0,0,0,0],"4":[1,4],"5":[5,5,4],"6":[0,0],"7":[0,0],"8":[1,3,1,2,2,0,0,0,0,0,0,0,1,3],"9":[2,2],"10":[4,2],"11":[2,2]},"_coverageSchema":"1a1c01bbd47fc00a2c39e90264f33305004495a9","hash":"42242a724d2841c452552d766e248b4b58b4c9a0"}
}
