TN:
SF:src/components/Background.js
FN:4,Background
FNF:1
FNH:1
FNDA:1,Background
DA:5,1
LF:1
LH:1
BRF:0
BRH:0
end_of_record
TN:
SF:src/components/Domino.js
FN:4,DetermineIfDominoIsSelectable
FN:29,ConvertToReact
FN:32,(anonymous_2)
FN:36,(anonymous_3)
FN:42,(anonymous_4)
FN:53,(anonymous_5)
FN:86,Domino
FN:87,(anonymous_7)
FNF:8
FNH:4
FNDA:2,DetermineIfDominoIsSelectable
FNDA:0,ConvertToReact
FNDA:0,(anonymous_2)
FNDA:0,(anonymous_3)
FNDA:0,(anonymous_4)
FNDA:4,(anonymous_5)
FNDA:2,Domino
FNDA:4,(anonymous_7)
DA:5,2
DA:9,0
DA:10,0
DA:11,0
DA:12,0
DA:13,0
DA:14,0
DA:18,0
DA:23,2
DA:24,1
DA:26,1
DA:30,0
DA:32,0
DA:33,0
DA:36,0
DA:37,0
DA:42,0
DA:45,0
DA:49,0
DA:51,0
DA:53,1
DA:54,4
DA:56,0
DA:58,2
DA:60,0
DA:62,0
DA:64,0
DA:66,0
DA:68,0
DA:70,0
DA:72,0
DA:74,0
DA:76,0
DA:78,0
DA:80,0
DA:82,2
DA:87,2
DA:88,4
DA:92,2
DA:97,2
DA:101,2
DA:105,2
DA:108,2
DA:109,1
DA:112,2
LF:45
LH:17
BRDA:5,0,0,0
BRDA:5,0,1,2
BRDA:6,1,0,2
BRDA:6,1,1,0
BRDA:14,2,0,0
BRDA:14,2,1,0
BRDA:15,3,0,0
BRDA:15,3,1,0
BRDA:15,3,2,0
BRDA:15,3,3,0
BRDA:23,4,0,1
BRDA:23,4,1,1
BRDA:23,5,0,2
BRDA:23,5,1,2
BRDA:23,5,2,1
BRDA:45,6,0,0
BRDA:45,6,1,0
BRDA:46,7,0,0
BRDA:46,7,1,0
BRDA:54,8,0,0
BRDA:54,8,1,2
BRDA:54,8,2,0
BRDA:54,8,3,0
BRDA:54,8,4,0
BRDA:54,8,5,0
BRDA:54,8,6,0
BRDA:54,8,7,0
BRDA:54,8,8,0
BRDA:54,8,9,0
BRDA:54,8,10,0
BRDA:54,8,11,0
BRDA:54,8,12,0
BRDA:54,8,13,2
BRDA:108,9,0,1
BRDA:108,9,1,1
BRDA:108,10,0,2
BRDA:108,10,1,1
BRDA:114,11,0,1
BRDA:114,11,1,1
BRF:39
BRH:15
end_of_record
