TN:
SF:src/components/Background.js
FN:4,Background
FNF:1
FNH:1
FNDA:1,Background
DA:5,1
LF:1
LH:1
BRF:0
BRH:0
end_of_record
TN:
SF:src/components/Domino.js
FN:5,DetermineIfDominoIsSelectable
FN:24,ConvertToReact
FN:27,(anonymous_2)
FN:31,(anonymous_3)
FN:37,(anonymous_4)
FN:45,(anonymous_5)
FN:78,Domino
FN:79,(anonymous_7)
FNF:8
FNH:3
FNDA:0,DetermineIfDominoIsSelectable
FNDA:0,ConvertToReact
FNDA:0,(anonymous_2)
FNDA:0,(anonymous_3)
FNDA:0,(anonymous_4)
FNDA:2,(anonymous_5)
FNDA:1,Domino
FNDA:2,(anonymous_7)
DA:6,0
DA:7,0
DA:8,0
DA:9,0
DA:10,0
DA:11,0
DA:12,0
DA:13,0
DA:18,0
DA:19,0
DA:21,0
DA:25,0
DA:27,0
DA:28,0
DA:31,0
DA:32,0
DA:37,0
DA:40,0
DA:41,0
DA:43,0
DA:45,1
DA:46,2
DA:48,0
DA:50,0
DA:52,0
DA:54,0
DA:56,0
DA:58,0
DA:60,0
DA:62,0
DA:64,0
DA:66,0
DA:68,0
DA:70,0
DA:72,0
DA:74,2
DA:79,1
DA:80,2
DA:84,1
DA:89,1
DA:93,1
DA:97,1
DA:100,1
DA:101,0
DA:104,1
LF:45
LH:11
BRDA:6,0,0,0
BRDA:6,0,1,0
BRDA:6,1,0,0
BRDA:6,1,1,0
BRDA:12,2,0,0
BRDA:12,2,1,0
BRDA:12,3,0,0
BRDA:12,3,1,0
BRDA:12,3,2,0
BRDA:12,3,3,0
BRDA:18,4,0,0
BRDA:18,4,1,0
BRDA:18,5,0,0
BRDA:18,5,1,0
BRDA:18,5,2,0
BRDA:40,6,0,0
BRDA:40,6,1,0
BRDA:40,7,0,0
BRDA:40,7,1,0
BRDA:46,8,0,0
BRDA:46,8,1,0
BRDA:46,8,2,0
BRDA:46,8,3,0
BRDA:46,8,4,0
BRDA:46,8,5,0
BRDA:46,8,6,0
BRDA:46,8,7,0
BRDA:46,8,8,0
BRDA:46,8,9,0
BRDA:46,8,10,0
BRDA:46,8,11,0
BRDA:46,8,12,0
BRDA:46,8,13,2
BRDA:100,9,0,0
BRDA:100,9,1,1
BRDA:100,10,0,1
BRDA:100,10,1,0
BRDA:106,11,0,0
BRDA:106,11,1,1
BRF:39
BRH:4
end_of_record
